{"error":[{"code":400,"message":"Missing required field 'Authorization'"}],"level":"error","message":"TOTP Login Error: ","service":"kotak-options-bot","timestamp":"2025-12-22 00:34:53"}
{"error":[{"code":400,"message":"Missing required field 'Authorization'"}],"level":"error","message":"TOTP Login Error: ","service":"kotak-options-bot","timestamp":"2025-12-22 00:35:06"}
{"error":[{"code":400,"message":"Missing required field 'Authorization'"}],"level":"error","message":"TOTP Login Error: ","service":"kotak-options-bot","timestamp":"2025-12-22 00:35:36"}
{"error":[{"code":400,"message":"Missing required field 'Authorization'"}],"level":"error","message":"TOTP Login Error: ","service":"kotak-options-bot","timestamp":"2025-12-22 00:35:54"}
{"error":[{"code":400,"message":"Missing required field 'Authorization'"}],"level":"error","message":"TOTP Login Error: ","service":"kotak-options-bot","timestamp":"2025-12-22 00:36:05"}
{"error":[{"code":400,"message":"Missing required field 'Authorization'"}],"level":"error","message":"TOTP Login Error: ","service":"kotak-options-bot","timestamp":"2025-12-22 00:37:16"}
{"error":[{"code":400,"message":"Missing required field 'Authorization'"}],"level":"error","message":"TOTP Login Error: ","service":"kotak-options-bot","timestamp":"2025-12-22 00:37:17"}
{"error":[{"code":400,"message":"Missing required field 'Authorization'"}],"level":"error","message":"TOTP Login Error: ","service":"kotak-options-bot","timestamp":"2025-12-22 00:37:26"}
{"error":[{"code":400,"message":"Missing required field 'Authorization'"}],"level":"error","message":"TOTP Login Error: ","service":"kotak-options-bot","timestamp":"2025-12-22 00:37:27"}
{"error":[{"code":400,"message":"Missing required field 'Authorization'"}],"level":"error","message":"TOTP Login Error: ","service":"kotak-options-bot","timestamp":"2025-12-22 00:37:29"}
{"error":[{"code":400,"message":"Missing required field 'Authorization'"}],"level":"error","message":"TOTP Login Error: ","service":"kotak-options-bot","timestamp":"2025-12-22 00:37:42"}
{"error":[{"code":400,"message":"Missing required field 'Authorization'"}],"level":"error","message":"TOTP Login Error: ","service":"kotak-options-bot","timestamp":"2025-12-22 00:37:45"}
{"error":[{"code":400,"message":"Missing required field 'Authorization'"}],"level":"error","message":"TOTP Login Error: ","service":"kotak-options-bot","timestamp":"2025-12-22 00:39:18"}
{"error":[{"code":400,"message":"Missing required field 'Authorization'"},{"code":400,"message":"Missing required field 'NeoFinKey'"}],"level":"error","message":"TOTP Login Error: ","service":"kotak-options-bot","timestamp":"2025-12-22 00:44:32"}
{"error":[{"code":400,"message":"Missing required field 'Authorization'"},{"code":400,"message":"Missing required field 'NeoFinKey'"}],"level":"error","message":"TOTP Login Error: ","service":"kotak-options-bot","timestamp":"2025-12-22 00:44:35"}
{"error":[{"code":400,"message":"Missing required field 'Authorization'"},{"code":400,"message":"Missing required field 'NeoFinKey'"}],"level":"error","message":"TOTP Login Error: ","service":"kotak-options-bot","timestamp":"2025-12-22 00:44:38"}
{"error":[{"code":400,"message":"Missing required field 'Authorization'"},{"code":400,"message":"Missing required field 'NeoFinKey'"}],"level":"error","message":"TOTP Login Error: ","service":"kotak-options-bot","timestamp":"2025-12-22 00:45:27"}
{"error":[{"code":400,"message":"Missing required field 'Authorization'"},{"code":400,"message":"Missing required field 'NeoFinKey'"}],"level":"error","message":"TOTP Login Error: ","service":"kotak-options-bot","timestamp":"2025-12-22 00:45:34"}
{"error":[{"code":400,"message":"Missing required field 'Authorization'"}],"level":"error","message":"TOTP Login Error: ","service":"kotak-options-bot","timestamp":"2025-12-22 00:46:56"}
{"error":[{"code":400,"message":"Missing required field 'Authorization'"}],"level":"error","message":"TOTP Login Error: ","service":"kotak-options-bot","timestamp":"2025-12-22 00:47:33"}
{"error":[{"code":400,"message":"Missing required field 'Authorization'"}],"level":"error","message":"TOTP Login Error: ","service":"kotak-options-bot","timestamp":"2025-12-22 00:47:40"}
{"error":[{"code":400,"message":"Missing required field 'Authorization'"}],"level":"error","message":"TOTP Login Error: ","service":"kotak-options-bot","timestamp":"2025-12-22 00:47:51"}
{"error":[{"code":400,"message":"Missing required field 'Authorization'"}],"level":"error","message":"TOTP Login Error: ","service":"kotak-options-bot","timestamp":"2025-12-22 00:49:33"}
{"error":[{"code":400,"message":"Missing required field 'Authorization'"}],"level":"error","message":"TOTP Login Error: ","service":"kotak-options-bot","timestamp":"2025-12-22 00:51:07"}
{"error":[{"code":400,"message":"Missing required field 'Authorization'"}],"level":"error","message":"TOTP Login Error: ","service":"kotak-options-bot","timestamp":"2025-12-22 00:51:31"}
{"error":[{"code":400,"message":"Missing required field 'Authorization'"}],"level":"error","message":"TOTP Login Error: ","service":"kotak-options-bot","timestamp":"2025-12-22 00:51:35"}
{"error":[{"code":400,"message":"Missing required field 'Authorization'"}],"level":"error","message":"TOTP Login Error: ","service":"kotak-options-bot","timestamp":"2025-12-22 00:51:42"}
{"error":[{"code":400,"message":"Missing required field 'Authorization'"}],"level":"error","message":"TOTP Login Error: ","service":"kotak-options-bot","timestamp":"2025-12-22 00:51:55"}
{"error":[{"code":400,"message":"Missing required field 'Authorization'"}],"level":"error","message":"TOTP Login Error: ","service":"kotak-options-bot","timestamp":"2025-12-22 00:52:07"}
{"error":[{"code":400,"message":"Missing required field 'Authorization'"}],"level":"error","message":"TOTP Login Error: ","service":"kotak-options-bot","timestamp":"2025-12-22 00:52:12"}
{"error":[{"code":400,"message":"Missing required field 'Authorization'"}],"level":"error","message":"TOTP Login Error: ","service":"kotak-options-bot","timestamp":"2025-12-22 00:52:13"}
{"error":[{"code":400,"message":"Missing required field 'Authorization'"}],"level":"error","message":"TOTP Login Error: ","service":"kotak-options-bot","timestamp":"2025-12-22 00:52:16"}
{"error":[{"code":400,"message":"Missing required field 'Authorization'"}],"level":"error","message":"TOTP Login Error: ","service":"kotak-options-bot","timestamp":"2025-12-22 00:52:48"}
{"error":[{"code":400,"message":"failed to bind request body"}],"level":"error","message":"TOTP Login Error: ","service":"kotak-options-bot","timestamp":"2025-12-22 00:52:53"}
{"error":[{"code":400,"message":"failed to bind request body"}],"level":"error","message":"TOTP Login Error: ","service":"kotak-options-bot","timestamp":"2025-12-22 00:53:46"}
{"error":[{"code":400,"message":"failed to bind request body"}],"level":"error","message":"TOTP Login Error: ","service":"kotak-options-bot","timestamp":"2025-12-22 00:53:47"}
{"error":[{"code":400,"message":"failed to bind request body"}],"level":"error","message":"TOTP Login Error: ","service":"kotak-options-bot","timestamp":"2025-12-22 00:53:54"}
{"error":[{"code":400,"message":"Missing required field 'Authorization'"}],"level":"error","message":"TOTP Login Error: ","service":"kotak-options-bot","timestamp":"2025-12-22 00:53:55"}
{"error":[{"code":400,"message":"failed to bind request body"}],"level":"error","message":"TOTP Login Error: ","service":"kotak-options-bot","timestamp":"2025-12-22 00:53:58"}
{"error":[{"code":400,"message":"failed to bind request body"}],"level":"error","message":"TOTP Login Error: ","service":"kotak-options-bot","timestamp":"2025-12-22 00:55:12"}
{"error":[{"code":400,"message":"failed to bind request body"}],"level":"error","message":"TOTP Login Error: ","service":"kotak-options-bot","timestamp":"2025-12-22 00:55:18"}
{"error":[{"code":400,"message":"failed to bind request body"}],"level":"error","message":"TOTP Login Error: ","service":"kotak-options-bot","timestamp":"2025-12-22 00:57:47"}
{"error":[{"code":400,"message":"failed to bind request body"}],"level":"error","message":"TOTP Login Error: ","service":"kotak-options-bot","timestamp":"2025-12-22 00:58:06"}
{"error":[{"code":400,"message":"failed to bind request body"}],"level":"error","message":"TOTP Login Error: ","service":"kotak-options-bot","timestamp":"2025-12-22 00:58:12"}
{"error":[{"code":400,"message":"failed to bind request body"}],"level":"error","message":"TOTP Login Error: ","service":"kotak-options-bot","timestamp":"2025-12-22 00:58:52"}
{"error":[{"code":400,"message":"Invalid field 'MobileNumber'; must be a valid mobile number"}],"level":"error","message":"TOTP Login Error: ","service":"kotak-options-bot","timestamp":"2025-12-22 00:58:54"}
{"error":[{"code":400,"message":"Invalid field 'MobileNumber'; must be a valid mobile number"}],"level":"error","message":"TOTP Login Error: ","service":"kotak-options-bot","timestamp":"2025-12-22 00:59:29"}
{"error":[{"code":400,"message":"Missing required field 'Authorization'"}],"level":"error","message":"TOTP Login Error: ","service":"kotak-options-bot","timestamp":"2025-12-23 22:48:23"}
{"error":[{"code":400,"message":"Missing required field 'Authorization'"}],"level":"error","message":"TOTP Login Error: ","service":"kotak-options-bot","timestamp":"2025-12-23 22:48:48"}
{"error":[{"code":400,"message":"Missing required field 'Authorization'"}],"level":"error","message":"TOTP Login Error: ","service":"kotak-options-bot","timestamp":"2025-12-23 22:49:13"}
{"error":[{"code":400,"message":"Missing required field 'Authorization'"}],"level":"error","message":"TOTP Login Error: ","service":"kotak-options-bot","timestamp":"2025-12-23 22:50:55"}
{"error":[{"code":400,"message":"Missing required field 'Authorization'"}],"level":"error","message":"TOTP Login Error: ","service":"kotak-options-bot","timestamp":"2025-12-23 22:50:59"}
{"error":[{"code":400,"message":"Missing required field 'Authorization'"}],"level":"error","message":"TOTP Login Error: ","service":"kotak-options-bot","timestamp":"2025-12-23 22:51:03"}
{"error":[{"code":400,"message":"Missing required field 'Authorization'"}],"level":"error","message":"TOTP Login Error: ","service":"kotak-options-bot","timestamp":"2025-12-23 22:51:37"}
{"error":[{"code":400,"message":"Missing required field 'Authorization'"}],"level":"error","message":"TOTP Login Error: ","service":"kotak-options-bot","timestamp":"2025-12-23 22:51:49"}
{"error":[{"code":400,"message":"Missing required field 'Authorization'"}],"level":"error","message":"TOTP Login Error: ","service":"kotak-options-bot","timestamp":"2025-12-23 22:52:41"}
{"error":[{"code":400,"message":"Invalid field 'MobileNumber'; must be a valid mobile number"}],"level":"error","message":"TOTP Login Error:","service":"kotak-options-bot","timestamp":"2025-12-23 22:54:21"}
{"error":[{"code":400,"message":"Invalid field 'MobileNumber'; must be a valid mobile number"}],"level":"error","message":"TOTP Login Error:","service":"kotak-options-bot","timestamp":"2025-12-23 22:54:23"}
{"error":[{"code":400,"message":"Invalid field 'MobileNumber'; must be a valid mobile number"}],"level":"error","message":"TOTP Login Error:","service":"kotak-options-bot","timestamp":"2025-12-23 22:54:45"}
{"error":[{"code":400,"message":"Invalid field 'MobileNumber'; must be a valid mobile number"}],"level":"error","message":"TOTP Login Error:","service":"kotak-options-bot","timestamp":"2025-12-23 22:55:00"}
{"error":[{"code":400,"message":"Invalid field 'MobileNumber'; must be a valid mobile number"}],"level":"error","message":"TOTP Login Error:","service":"kotak-options-bot","timestamp":"2025-12-23 22:55:37"}
{"error":[{"code":400,"message":"Invalid field 'MobileNumber'; must be a valid mobile number"}],"level":"error","message":"TOTP Login Error:","service":"kotak-options-bot","timestamp":"2025-12-23 22:55:40"}
{"error":[{"code":400,"message":"Invalid field 'MobileNumber'; must be a valid mobile number"}],"level":"error","message":"TOTP Login Error:","service":"kotak-options-bot","timestamp":"2025-12-23 22:55:47"}
{"error":[{"code":400,"message":"Invalid field 'MobileNumber'; must be a valid mobile number"}],"level":"error","message":"TOTP Login Error:","service":"kotak-options-bot","timestamp":"2025-12-23 22:57:00"}
{"error":[{"code":400,"message":"Invalid field 'MobileNumber'; must be a valid mobile number"}],"level":"error","message":"TOTP Login Error:","service":"kotak-options-bot","timestamp":"2025-12-23 22:57:10"}
{"error":[{"code":400,"message":"Invalid field 'MobileNumber'; must be a valid mobile number"}],"level":"error","message":"TOTP Login Error:","service":"kotak-options-bot","timestamp":"2025-12-23 22:57:23"}
{"error":[{"code":400,"message":"Invalid field 'MobileNumber'; must be a valid mobile number"}],"level":"error","message":"TOTP Login Error:","service":"kotak-options-bot","timestamp":"2025-12-23 22:57:39"}
{"error":[{"code":400,"message":"Invalid field 'MobileNumber'; must be a valid mobile number"}],"level":"error","message":"TOTP Login Error:","service":"kotak-options-bot","timestamp":"2025-12-23 22:58:03"}
{"error":[{"code":400,"message":"Invalid field 'MobileNumber'; must be a valid mobile number"}],"level":"error","message":"TOTP Login Error:","service":"kotak-options-bot","timestamp":"2025-12-23 22:58:08"}
{"error":[{"code":400,"message":"Invalid field 'MobileNumber'; must be a valid mobile number"}],"level":"error","message":"TOTP Login Error:","service":"kotak-options-bot","timestamp":"2025-12-23 22:58:23"}
{"error":[{"code":400,"message":"Invalid field 'MobileNumber'; must be a valid mobile number"}],"level":"error","message":"TOTP Login Error:","service":"kotak-options-bot","timestamp":"2025-12-23 23:00:02"}
{"error":[{"code":400,"message":"Invalid field 'MobileNumber'; must be a valid mobile number"}],"level":"error","message":"TOTP Login Error:","service":"kotak-options-bot","timestamp":"2025-12-23 23:00:03"}
{"error":[{"code":400,"message":"Invalid field 'MobileNumber'; must be a valid mobile number"}],"level":"error","message":"TOTP Login Error:","service":"kotak-options-bot","timestamp":"2025-12-23 23:00:05"}
{"error":[{"code":400,"message":"Invalid field 'MobileNumber'; must be a valid mobile number"}],"level":"error","message":"TOTP Login Error:","service":"kotak-options-bot","timestamp":"2025-12-23 23:00:12"}
{"error":[{"code":400,"message":"Invalid field 'MobileNumber'; must be a valid mobile number"}],"level":"error","message":"TOTP Login Error:","service":"kotak-options-bot","timestamp":"2025-12-23 23:00:29"}
{"error":[{"code":400,"message":"Invalid field 'MobileNumber'; must be a valid mobile number"}],"level":"error","message":"TOTP Login Error:","service":"kotak-options-bot","timestamp":"2025-12-23 23:00:46"}
{"error":[{"code":400,"message":"Invalid field 'MobileNumber'; must be a valid mobile number"}],"level":"error","message":"TOTP Login Error:","service":"kotak-options-bot","timestamp":"2025-12-23 23:02:53"}
{"error":[{"code":400,"message":"Invalid field 'MobileNumber'; must be a valid mobile number"}],"level":"error","message":"TOTP Login Error:","service":"kotak-options-bot","timestamp":"2025-12-23 23:04:32"}
{"error":[{"code":400,"message":"Invalid field 'MobileNumber'; must be a valid mobile number"}],"level":"error","message":"TOTP Login Error:","service":"kotak-options-bot","timestamp":"2025-12-23 23:04:33"}
{"error":[{"code":400,"message":"Invalid field 'MobileNumber'; must be a valid mobile number"}],"level":"error","message":"TOTP Login Error:","service":"kotak-options-bot","timestamp":"2025-12-23 23:05:18"}
{"error":[{"code":400,"message":"Invalid field 'MobileNumber'; must be a valid mobile number"}],"level":"error","message":"TOTP Login Error:","service":"kotak-options-bot","timestamp":"2025-12-23 23:05:37"}
{"error":[{"code":400,"message":"Invalid field 'MobileNumber'; must be a valid mobile number"}],"level":"error","message":"TOTP Login Error:","service":"kotak-options-bot","timestamp":"2025-12-23 23:05:38"}
{"error":[{"code":400,"message":"Invalid field 'MobileNumber'; must be a valid mobile number"}],"level":"error","message":"TOTP Login Error:","service":"kotak-options-bot","timestamp":"2025-12-23 23:05:42"}
{"error":[{"code":400,"message":"Invalid field 'MobileNumber'; must be a valid mobile number"}],"level":"error","message":"TOTP Login Error:","service":"kotak-options-bot","timestamp":"2025-12-23 23:05:54"}
{"error":[{"code":400,"message":"Invalid field 'MobileNumber'; must be a valid mobile number"}],"level":"error","message":"TOTP Login Error:","service":"kotak-options-bot","timestamp":"2025-12-23 23:05:59"}
{"error":[{"code":400,"message":"Invalid field 'MobileNumber'; must be a valid mobile number"}],"level":"error","message":"TOTP Login Error:","service":"kotak-options-bot","timestamp":"2025-12-23 23:06:47"}
{"error":[{"code":400,"message":"Invalid field 'MobileNumber'; must be a valid mobile number"}],"level":"error","message":"TOTP Login Error:","service":"kotak-options-bot","timestamp":"2025-12-23 23:06:58"}
{"error":[{"code":400,"message":"Invalid field 'MobileNumber'; must be a valid mobile number"}],"level":"error","message":"TOTP Login Error:","service":"kotak-options-bot","timestamp":"2025-12-23 23:07:25"}
{"error":[{"code":400,"message":"Invalid field 'MobileNumber'; must be a valid mobile number"}],"level":"error","message":"TOTP Login Error:","service":"kotak-options-bot","timestamp":"2025-12-23 23:07:26"}
{"error":[{"code":400,"message":"Invalid field 'MobileNumber'; must be a valid mobile number"}],"level":"error","message":"TOTP Login Error:","service":"kotak-options-bot","timestamp":"2025-12-23 23:07:50"}
{"error":[{"code":400,"message":"Invalid field 'MobileNumber'; must be a valid mobile number"}],"level":"error","message":"TOTP Login Error:","service":"kotak-options-bot","timestamp":"2025-12-23 23:08:02"}
{"error":[{"code":424,"message":"Consumer key 'Bearer undefined' does not exist"}],"level":"error","message":"TOTP Login Error:","service":"kotak-options-bot","timestamp":"2025-12-23 23:11:25"}
{"error":[{"code":400,"message":"Missing required field 'Authorization'"}],"level":"error","message":"TOTP Login Error:","service":"kotak-options-bot","timestamp":"2025-12-23 23:11:53"}
{"error":[{"code":400,"message":"Missing required field 'Authorization'"}],"level":"error","message":"TOTP Login Error:","service":"kotak-options-bot","timestamp":"2025-12-23 23:13:37"}
{"error":[{"code":400,"message":"Missing required field 'Authorization'"}],"level":"error","message":"TOTP Login Error:","service":"kotak-options-bot","timestamp":"2025-12-23 23:13:54"}
{"error":[{"code":400,"message":"Missing required field 'Authorization'"}],"level":"error","message":"TOTP Login Error:","service":"kotak-options-bot","timestamp":"2025-12-23 23:13:59"}
{"error":[{"code":424,"message":"Consumer key 'Bearer undefined' does not exist"}],"level":"error","message":"TOTP Login Error:","service":"kotak-options-bot","timestamp":"2025-12-23 23:14:03"}
{"error":[{"code":424,"message":"Consumer key 'undefined' does not exist"}],"level":"error","message":"TOTP Login Error:","service":"kotak-options-bot","timestamp":"2025-12-23 23:14:36"}
{"error":[{"code":"10506","message":"Invalid TOTP"}],"level":"error","message":"TOTP Login Error:","service":"kotak-options-bot","timestamp":"2025-12-23 23:14:53"}
{"error":[{"code":"10506","message":"Invalid TOTP"}],"level":"error","message":"TOTP Login Error:","service":"kotak-options-bot","timestamp":"2025-12-23 23:15:35"}
{"error":[{"code":"10506","message":"Invalid TOTP"}],"level":"error","message":"TOTP Login Error:","service":"kotak-options-bot","timestamp":"2025-12-23 23:24:38"}
{"error":[{"code":"10506","message":"Invalid TOTP"}],"level":"error","message":"TOTP Login Error:","service":"kotak-options-bot","timestamp":"2025-12-23 23:24:41"}
{"error":[{"code":"10506","message":"Invalid TOTP"}],"level":"error","message":"TOTP Login Error:","service":"kotak-options-bot","timestamp":"2025-12-23 23:24:44"}
{"error":[{"code":"10506","message":"Invalid TOTP"}],"level":"error","message":"TOTP Login Error:","service":"kotak-options-bot","timestamp":"2025-12-23 23:24:53"}
{"error":[{"code":"10506","message":"Invalid TOTP"}],"level":"error","message":"TOTP Login Error:","service":"kotak-options-bot","timestamp":"2025-12-23 23:25:58"}
{"error":[{"code":"10506","message":"Invalid TOTP"}],"level":"error","message":"TOTP Login Error:","service":"kotak-options-bot","timestamp":"2025-12-23 23:26:04"}
{"error":[{"code":"10506","message":"Invalid TOTP"}],"level":"error","message":"TOTP Login Error:","service":"kotak-options-bot","timestamp":"2025-12-23 23:48:15"}
{"error":[{"code":"10506","message":"Invalid TOTP"}],"level":"error","message":"TOTP Login Error:","service":"kotak-options-bot","timestamp":"2025-12-23 23:48:33"}
{"error":[{"code":400,"message":"Missing required field 'Authorization'"}],"level":"error","message":"Mpin validation failed: ","service":"kotak-options-bot","timestamp":"2025-12-23 23:54:33"}
{"error":[{"code":400,"message":"Missing required field 'Mpin'"}],"level":"error","message":"Mpin validation failed: ","service":"kotak-options-bot","timestamp":"2025-12-23 23:55:00"}
{"level":"error","message":"Fatal error:","service":"kotak-options-bot","timestamp":"2025-12-23 23:55:24"}
{"error":[{"code":400,"message":"Missing required field 'Mpin'"}],"level":"error","message":"Mpin validation failed: ","service":"kotak-options-bot","timestamp":"2025-12-23 23:55:25"}
{"error":[{"code":400,"message":"Missing required field 'Mpin'"}],"level":"error","message":"Mpin validation failed: ","service":"kotak-options-bot","timestamp":"2025-12-23 23:55:31"}
{"0":"<","1":"h","10":"e","100":"r","101":">","102":"\r","103":"\n","104":"<","105":"h","106":"r","107":">","108":"<","109":"c","11":"a","110":"e","111":"n","112":"t","113":"e","114":"r","115":">","116":"r","117":"d","118":"w","119":"r","12":"d","120":"<","121":"/","122":"c","123":"e","124":"n","125":"t","126":"e","127":"r","128":">","129":"\r","13":">","130":"\n","131":"<","132":"/","133":"b","134":"o","135":"d","136":"y","137":">","138":"\r","139":"\n","14":"<","140":"<","141":"/","142":"h","143":"t","144":"m","145":"l","146":">","147":"\r","148":"\n","15":"t","16":"i","17":"t","18":"l","19":"e","2":"t","20":">","21":"5","22":"0","23":"2","24":" ","25":"B","26":"a","27":"d","28":" ","29":"G","3":"m","30":"a","31":"t","32":"e","33":"w","34":"a","35":"y","36":"<","37":"/","38":"t","39":"i","4":"l","40":"t","41":"l","42":"e","43":">","44":"<","45":"/","46":"h","47":"e","48":"a","49":"d","5":">","50":">","51":"\r","52":"\n","53":"<","54":"b","55":"o","56":"d","57":"y","58":">","59":"\r","6":"\r","60":"\n","61":"<","62":"c","63":"e","64":"n","65":"t","66":"e","67":"r","68":">","69":"<","7":"\n","70":"h","71":"1","72":">","73":"5","74":"0","75":"2","76":" ","77":"B","78":"a","79":"d","8":"<","80":" ","81":"G","82":"a","83":"t","84":"e","85":"w","86":"a","87":"y","88":"<","89":"/","9":"h","90":"h","91":"1","92":">","93":"<","94":"/","95":"c","96":"e","97":"n","98":"t","99":"e","level":"error","message":"TOTP Login Error:","service":"kotak-options-bot","timestamp":"2025-12-24 00:10:06"}
{"0":"<","1":"h","10":"e","100":"r","101":">","102":"\r","103":"\n","104":"<","105":"h","106":"r","107":">","108":"<","109":"c","11":"a","110":"e","111":"n","112":"t","113":"e","114":"r","115":">","116":"r","117":"d","118":"w","119":"r","12":"d","120":"<","121":"/","122":"c","123":"e","124":"n","125":"t","126":"e","127":"r","128":">","129":"\r","13":">","130":"\n","131":"<","132":"/","133":"b","134":"o","135":"d","136":"y","137":">","138":"\r","139":"\n","14":"<","140":"<","141":"/","142":"h","143":"t","144":"m","145":"l","146":">","147":"\r","148":"\n","15":"t","16":"i","17":"t","18":"l","19":"e","2":"t","20":">","21":"5","22":"0","23":"2","24":" ","25":"B","26":"a","27":"d","28":" ","29":"G","3":"m","30":"a","31":"t","32":"e","33":"w","34":"a","35":"y","36":"<","37":"/","38":"t","39":"i","4":"l","40":"t","41":"l","42":"e","43":">","44":"<","45":"/","46":"h","47":"e","48":"a","49":"d","5":">","50":">","51":"\r","52":"\n","53":"<","54":"b","55":"o","56":"d","57":"y","58":">","59":"\r","6":"\r","60":"\n","61":"<","62":"c","63":"e","64":"n","65":"t","66":"e","67":"r","68":">","69":"<","7":"\n","70":"h","71":"1","72":">","73":"5","74":"0","75":"2","76":" ","77":"B","78":"a","79":"d","8":"<","80":" ","81":"G","82":"a","83":"t","84":"e","85":"w","86":"a","87":"y","88":"<","89":"/","9":"h","90":"h","91":"1","92":">","93":"<","94":"/","95":"c","96":"e","97":"n","98":"t","99":"e","level":"error","message":"TOTP Login Error:","service":"kotak-options-bot","timestamp":"2025-12-24 00:10:12"}
{"level":"error","message":"Fatal error:","service":"kotak-options-bot","timestamp":"2025-12-24 00:22:19"}
{"0":"U","1":"n","10":" ","11":"e","12":"n","13":"d","14":" ","15":"o","16":"f","17":" ","18":"J","19":"S","2":"e","20":"O","21":"N","22":" ","23":"i","24":"n","25":"p","26":"u","27":"t","3":"x","4":"p","5":"e","6":"c","7":"t","8":"e","9":"d","level":"error","message":"Failed to load positions: ","service":"kotak-options-bot","timestamp":"2025-12-26 23:34:09"}
{"level":"error","message":"Fatal error:","service":"kotak-options-bot","timestamp":"2025-12-26 23:34:11"}
{"0":"U","1":"n","10":" ","11":"e","12":"n","13":"d","14":" ","15":"o","16":"f","17":" ","18":"J","19":"S","2":"e","20":"O","21":"N","22":" ","23":"i","24":"n","25":"p","26":"u","27":"t","3":"x","4":"p","5":"e","6":"c","7":"t","8":"e","9":"d","level":"error","message":"Failed to load positions: ","service":"kotak-options-bot","timestamp":"2025-12-26 23:34:35"}
{"level":"error","message":"Fatal error:","service":"kotak-options-bot","timestamp":"2025-12-26 23:34:35"}
{"level":"error","message":"Fatal error:","service":"kotak-options-bot","timestamp":"2025-12-26 23:38:39"}
{"level":"error","message":"Fatal error:","service":"kotak-options-bot","timestamp":"2025-12-26 23:39:41"}
{"error":[{"code":"10506","message":"Invalid TOTP"}],"level":"error","message":"TOTP Login Error:","service":"kotak-options-bot","timestamp":"2025-12-28 16:55:42"}
